[2026-05-07T14:57:29.261] [DEBUG] debug-file - env: nodejsVersion=v23.5.0
[2026-05-07T14:57:29.304] [DEBUG] debug-file - env: daemon=true
[2026-05-07T14:57:29.262] [DEBUG] debug-file - env: hvigor-config.json5 content = {
  modelVersion: '5.0.0',
  dependencies: {},
  execution: {},
  logging: {},
  debugging: {},
  nodeOptions: {}
}
[2026-05-07T14:57:30.330] [DEBUG] debug-file - java daemon tryConnect failed Error: connect ECONNREFUSED 127.0.0.1:45050
[2026-05-07T14:57:30.336] [DEBUG] debug-file - java daemon started at port 45050 pid 67526
[2026-05-07T14:57:46.348] [DEBUG] debug-file - env: nodejsVersion=v23.5.0
[2026-05-07T14:58:10.920] [DEBUG] debug-file - env: nodejsVersion=v23.5.0
[2026-05-07T14:59:33.659] [DEBUG] debug-file - env: nodejsVersion=v23.5.0
[2026-05-07T15:00:42.236] [DEBUG] debug-file - env: nodejsVersion=v23.5.0
[2026-05-07T15:01:46.978] [DEBUG] debug-file - env: nodejsVersion=v23.5.0
[2026-05-07T15:01:47.452] [DEBUG] debug-file - Hvigor init with startParameters:{
  hvigorfileTypeCheck: false,
  parallelExecution: true,
  incrementalExecution: true,
  printStackTrace: false,
  daemon: false,
  analyze: 0,
  logLevel: Level { level: 20000, levelStr: 'INFO', colour: 'green' },
  optimizationStrategy: 'memory',
  hotCompile: undefined,
  hotReloadBuild: undefined,
  customizedParam: undefined
}
[2026-05-07T15:06:07.351] [DEBUG] debug-file - env: nodejsVersion=v23.5.0
[2026-05-07T15:06:07.774] [DEBUG] debug-file - Hvigor init with startParameters:{
  hvigorfileTypeCheck: false,
  parallelExecution: true,
  incrementalExecution: true,
  printStackTrace: false,
  daemon: false,
  analyze: 0,
  logLevel: Level { level: 20000, levelStr: 'INFO', colour: 'green' },
  optimizationStrategy: 'memory',
  hotCompile: undefined,
  hotReloadBuild: undefined,
  customizedParam: undefined
}
[2026-05-07T15:06:10.761] [DEBUG] debug-file - Starting plugin build process
[2026-05-07T15:06:07.352] [DEBUG] debug-file - env: hvigor-config.json5 content = {
  modelVersion: '5.0.0',
  dependencies: {},
  execution: {},
  logging: {},
  debugging: {},
  nodeOptions: {}
}
[2026-05-07T15:06:07.776] [DEBUG] debug-file - Since current hvigor version 6.22.3 differs from last hvigor version 
      undefined, delete file-cache.json and task-cache.json.
[2026-05-07T15:06:10.761] [DEBUG] debug-file - App plugin prepare start...
[2026-05-07T15:06:11.031] [DEBUG] debug-file - Create  resident worker with id: 0.
[2026-05-07T15:06:07.353] [DEBUG] debug-file - env: daemon=false
[2026-05-07T15:06:07.777] [DEBUG] debug-file - Cache service initialization finished in 3 ms 
[2026-05-07T15:06:10.761] [DEBUG] debug-file - App plugin prepare end...
[2026-05-07T15:06:11.035] [DEBUG] debug-file - Create  resident worker with id: 1.
[2026-05-07T15:06:07.353] [DEBUG] debug-file - no-daemon, use the parent process.execArgv --preserve-symlinks
[2026-05-07T15:06:07.779] [DEBUG] debug-file - hvigorfile, resolving /Users/dongliu/dongLiu/ios_learning/english_phonetic/ohos/hvigorfile.ts
[2026-05-07T15:06:10.761] [DEBUG] debug-file - App plugin creating...
[2026-05-07T15:06:11.041] [DEBUG] debug-file - Current worker pool is stopped or closed.
[2026-05-07T15:06:10.755] [DEBUG] debug-file - hvigorfile, require result:  { default: { system: [Function: appTasks], plugins: [] } }
[2026-05-07T15:06:11.042] [DEBUG] debug-file - Clear worker 0.
[2026-05-07T15:06:10.756] [DEBUG] debug-file - hvigorfile, binding system plugins [Function: appTasks]
[2026-05-07T15:06:11.042] [DEBUG] debug-file - Worker 0 has been cleared.
[2026-05-07T15:06:11.011] [DEBUG] debug-file - hvigor build process will be closed with an error.
[2026-05-07T15:06:11.042] [DEBUG] debug-file - Current idle worker size: 1.
[2026-05-07T15:06:11.012] [ERROR] debug-file - [31m00302013 Script Error
Error Message: The root node is not yet available for build. At file: hvigorfile.ts or hvigorconfig.ts

* Try the following:
  > Check if the hvigorconfig.ts or hvigorfile.ts is configured correctly.
  > Check if the build-profile.json5 is configured correctly.
[39m

[31m* Try:
> Run with --stacktrace option to get the stack trace.
> Run with --debug option to get more log output.

[2026-05-07T15:06:11.042] [DEBUG] debug-file - Current busy worker size: 0.
[2026-05-07T15:06:11.012] [DEBUG] debug-file - ERROR: stacktrace = AdaptorError: [31m00302013 Script Error
Error Message: The root node is not yet available for build. At file: hvigorfile.ts or hvigorconfig.ts

* Try the following:
  > Check if the hvigorconfig.ts or hvigorfile.ts is configured correctly.
  > Check if the build-profile.json5 is configured correctly.
[39m
    at HvigorLogger.printErrorExit (/Users/dongliu/dongLiu/ios_learning/english_phonetic/ohos/node_modules/@ohos/hvigor/src/base/log/hvigor-log.js:1:5087)
    at Hvigor._getRootNode (/Users/dongliu/dongLiu/ios_learning/english_phonetic/ohos/node_modules/@ohos/hvigor/src/base/external/core/hvigor.js:1:1269)
    at Hvigor.getRootNodeInternal (/Users/dongliu/dongLiu/ios_learning/english_phonetic/ohos/node_modules/@ohos/hvigor/src/base/external/core/hvigor.js:1:1108)
    at ProjectBuildProfileLoader.getBuildProfile (/Users/dongliu/dongLiu/ios_learning/english_phonetic/ohos/node_modules/@ohos/hvigor-ohos-plugin/src/utils/loader/file/project-build-profile-loader.js:1:690)
    at ProjectModelImpl.projectBuildProfileCheck (/Users/dongliu/dongLiu/ios_learning/english_phonetic/ohos/node_modules/@ohos/hvigor-ohos-plugin/src/model/project/core-project-model-impl.js:1:9331)
    at new CoreProjectModelImpl (/Users/dongliu/dongLiu/ios_learning/english_phonetic/ohos/node_modules/@ohos/hvigor-ohos-plugin/src/model/project/core-project-model-impl.js:1:2627)
    at new ProjectModelImpl (/Users/dongliu/dongLiu/ios_learning/english_phonetic/ohos/node_modules/@ohos/hvigor-ohos-plugin/src/model/project/project-model-impl.js:1:596)
    at new AppPlugin (/Users/dongliu/dongLiu/ios_learning/english_phonetic/ohos/node_modules/@ohos/hvigor-ohos-plugin/src/plugin/app-plugin.js:1:514)
    at StageInitializationStrategy.createAppPlugin (/Users/dongliu/dongLiu/ios_learning/english_phonetic/ohos/node_modules/@ohos/hvigor-ohos-plugin/src/plugin/strategy/stage-init-strategy.js:1:949)
    at AppPluginBuilder.createPlugin (/Users/dongliu/dongLiu/ios_learning/english_phonetic/ohos/node_modules/@ohos/hvigor-ohos-plugin/src/plugin/builder/app-plugin-builder.js:1:1485)
[2026-05-07T15:06:11.042] [DEBUG] debug-file - Clear worker 1.
[2026-05-07T15:06:11.012] [ERROR] debug-file - AdaptorError: [31m00302013 Script Error
Error Message: The root node is not yet available for build. At file: hvigorfile.ts or hvigorconfig.ts

* Try the following:
  > Check if the hvigorconfig.ts or hvigorfile.ts is configured correctly.
  > Check if the build-profile.json5 is configured correctly.
[39m
    at HvigorLogger.printErrorExit (/Users/dongliu/dongLiu/ios_learning/english_phonetic/ohos/node_modules/@ohos/hvigor/src/base/log/hvigor-log.js:1:5087)
    at Hvigor._getRootNode (/Users/dongliu/dongLiu/ios_learning/english_phonetic/ohos/node_modules/@ohos/hvigor/src/base/external/core/hvigor.js:1:1269)
    at Hvigor.getRootNodeInternal (/Users/dongliu/dongLiu/ios_learning/english_phonetic/ohos/node_modules/@ohos/hvigor/src/base/external/core/hvigor.js:1:1108)
    at ProjectBuildProfileLoader.getBuildProfile (/Users/dongliu/dongLiu/ios_learning/english_phonetic/ohos/node_modules/@ohos/hvigor-ohos-plugin/src/utils/loader/file/project-build-profile-loader.js:1:690)
    at ProjectModelImpl.projectBuildProfileCheck (/Users/dongliu/dongLiu/ios_learning/english_phonetic/ohos/node_modules/@ohos/hvigor-ohos-plugin/src/model/project/core-project-model-impl.js:1:9331)
    at new CoreProjectModelImpl (/Users/dongliu/dongLiu/ios_learning/english_phonetic/ohos/node_modules/@ohos/hvigor-ohos-plugin/src/model/project/core-project-model-impl.js:1:2627)
    at new ProjectModelImpl (/Users/dongliu/dongLiu/ios_learning/english_phonetic/ohos/node_modules/@ohos/hvigor-ohos-plugin/src/model/project/project-model-impl.js:1:596)
    at new AppPlugin (/Users/dongliu/dongLiu/ios_learning/english_phonetic/ohos/node_modules/@ohos/hvigor-ohos-plugin/src/plugin/app-plugin.js:1:514)
    at StageInitializationStrategy.createAppPlugin (/Users/dongliu/dongLiu/ios_learning/english_phonetic/ohos/node_modules/@ohos/hvigor-ohos-plugin/src/plugin/strategy/stage-init-strategy.js:1:949)
    at AppPluginBuilder.createPlugin (/Users/dongliu/dongLiu/ios_learning/english_phonetic/ohos/node_modules/@ohos/hvigor-ohos-plugin/src/plugin/builder/app-plugin-builder.js:1:1485)
[2026-05-07T15:06:11.042] [DEBUG] debug-file - Worker 1 has been cleared.
[2026-05-07T15:06:11.014] [ERROR] debug-file - BUILD FAILED in 3 s 247 ms 
[2026-05-07T15:06:11.042] [DEBUG] debug-file - Current idle worker size: 0.
[2026-05-07T15:06:11.027] [DEBUG] debug-file - Since there is no instance or instance is terminated, create a new worker pool.
[2026-05-07T15:06:11.042] [DEBUG] debug-file - Current busy worker size: 0.
[2026-05-07T15:06:11.027] [DEBUG] debug-file - Worker pool is initialized with config:  {
  minPoolNum: 2,
  maxPoolNum: undefined,
  maxCoreSize: undefined,
  cacheCapacity: undefined,
  cacheTtl: undefined
}
[2026-05-07T15:06:11.105] [DEBUG] debug-file - hvigor build process will be closed.
[2026-05-07T15:06:11.110] [DEBUG] debug-file - worker[0] exits with exit code 0.
[2026-05-07T15:06:11.111] [DEBUG] debug-file - worker[1] exits with exit code 0.
[2026-05-07T15:06:11.112] [DEBUG] debug-file - Current worker pool is terminated.
[2026-05-07T15:06:42.157] [DEBUG] debug-file - env: nodejsVersion=v23.5.0
[2026-05-07T15:06:42.495] [DEBUG] debug-file - Hvigor init with startParameters:{
  hvigorfileTypeCheck: false,
  parallelExecution: true,
  incrementalExecution: true,
  printStackTrace: true,
  daemon: false,
  analyze: 0,
  logLevel: Level { level: 20000, levelStr: 'INFO', colour: 'green' },
  optimizationStrategy: 'memory',
  hotCompile: undefined,
  hotReloadBuild: undefined,
  customizedParam: undefined
}
[2026-05-07T15:06:44.205] [DEBUG] debug-file - Starting plugin build process
[2026-05-07T15:06:42.158] [DEBUG] debug-file - env: hvigor-config.json5 content = {
  modelVersion: '5.0.0',
  dependencies: {},
  execution: {},
  logging: {},
  debugging: {},
  nodeOptions: {}
}
[2026-05-07T15:06:42.496] [DEBUG] debug-file - Since current hvigor version 6.22.3 differs from last hvigor version 
      undefined, delete file-cache.json and task-cache.json.
[2026-05-07T15:06:44.205] [DEBUG] debug-file - App plugin prepare start...
[2026-05-07T15:06:44.413] [DEBUG] debug-file - Create  resident worker with id: 0.
[2026-05-07T15:06:42.159] [DEBUG] debug-file - env: daemon=false
[2026-05-07T15:06:42.497] [DEBUG] debug-file - Cache service initialization finished in 2 ms 
[2026-05-07T15:06:44.205] [DEBUG] debug-file - App plugin prepare end...
[2026-05-07T15:06:44.418] [DEBUG] debug-file - Create  resident worker with id: 1.
[2026-05-07T15:06:42.159] [DEBUG] debug-file - no-daemon, use the parent process.execArgv --preserve-symlinks
[2026-05-07T15:06:42.501] [DEBUG] debug-file - hvigorfile, resolving /Users/dongliu/dongLiu/ios_learning/english_phonetic/ohos/hvigorfile.ts
[2026-05-07T15:06:44.206] [DEBUG] debug-file - App plugin creating...
[2026-05-07T15:06:44.420] [DEBUG] debug-file - Current worker pool is stopped or closed.
[2026-05-07T15:06:44.201] [DEBUG] debug-file - hvigorfile, require result:  { default: { system: [Function: appTasks], plugins: [] } }
[2026-05-07T15:06:44.420] [DEBUG] debug-file - Clear worker 0.
[2026-05-07T15:06:44.202] [DEBUG] debug-file - hvigorfile, binding system plugins [Function: appTasks]
[2026-05-07T15:06:44.420] [DEBUG] debug-file - Worker 0 has been cleared.
[2026-05-07T15:06:44.396] [DEBUG] debug-file - hvigor build process will be closed with an error.
[2026-05-07T15:06:44.420] [DEBUG] debug-file - Current idle worker size: 1.
[2026-05-07T15:06:44.396] [ERROR] debug-file - [31m00302013 Script Error
Error Message: The root node is not yet available for build. At file: hvigorfile.ts or hvigorconfig.ts

* Try the following:
  > Check if the hvigorconfig.ts or hvigorfile.ts is configured correctly.
  > Check if the build-profile.json5 is configured correctly.
[39m

[31m* Try:
> Run with --debug option to get more log output.

[2026-05-07T15:06:44.420] [DEBUG] debug-file - Current busy worker size: 0.
[2026-05-07T15:06:44.397] [ERROR] debug-file - AdaptorError: [31m00302013 Script Error
Error Message: The root node is not yet available for build. At file: hvigorfile.ts or hvigorconfig.ts

* Try the following:
  > Check if the hvigorconfig.ts or hvigorfile.ts is configured correctly.
  > Check if the build-profile.json5 is configured correctly.
[39m
    at HvigorLogger.printErrorExit (/Users/dongliu/dongLiu/ios_learning/english_phonetic/ohos/node_modules/@ohos/hvigor/src/base/log/hvigor-log.js:1:5087)
    at Hvigor._getRootNode (/Users/dongliu/dongLiu/ios_learning/english_phonetic/ohos/node_modules/@ohos/hvigor/src/base/external/core/hvigor.js:1:1269)
    at Hvigor.getRootNodeInternal (/Users/dongliu/dongLiu/ios_learning/english_phonetic/ohos/node_modules/@ohos/hvigor/src/base/external/core/hvigor.js:1:1108)
    at ProjectBuildProfileLoader.getBuildProfile (/Users/dongliu/dongLiu/ios_learning/english_phonetic/ohos/node_modules/@ohos/hvigor-ohos-plugin/src/utils/loader/file/project-build-profile-loader.js:1:690)
    at ProjectModelImpl.projectBuildProfileCheck (/Users/dongliu/dongLiu/ios_learning/english_phonetic/ohos/node_modules/@ohos/hvigor-ohos-plugin/src/model/project/core-project-model-impl.js:1:9331)
    at new CoreProjectModelImpl (/Users/dongliu/dongLiu/ios_learning/english_phonetic/ohos/node_modules/@ohos/hvigor-ohos-plugin/src/model/project/core-project-model-impl.js:1:2627)
    at new ProjectModelImpl (/Users/dongliu/dongLiu/ios_learning/english_phonetic/ohos/node_modules/@ohos/hvigor-ohos-plugin/src/model/project/project-model-impl.js:1:596)
    at new AppPlugin (/Users/dongliu/dongLiu/ios_learning/english_phonetic/ohos/node_modules/@ohos/hvigor-ohos-plugin/src/plugin/app-plugin.js:1:514)
    at StageInitializationStrategy.createAppPlugin (/Users/dongliu/dongLiu/ios_learning/english_phonetic/ohos/node_modules/@ohos/hvigor-ohos-plugin/src/plugin/strategy/stage-init-strategy.js:1:949)
    at AppPluginBuilder.createPlugin (/Users/dongliu/dongLiu/ios_learning/english_phonetic/ohos/node_modules/@ohos/hvigor-ohos-plugin/src/plugin/builder/app-plugin-builder.js:1:1485)
[2026-05-07T15:06:44.420] [DEBUG] debug-file - Clear worker 1.
[2026-05-07T15:06:44.399] [ERROR] debug-file - BUILD FAILED in 1 s 912 ms 
[2026-05-07T15:06:44.420] [DEBUG] debug-file - Worker 1 has been cleared.
[2026-05-07T15:06:44.411] [DEBUG] debug-file - Since there is no instance or instance is terminated, create a new worker pool.
[2026-05-07T15:06:44.420] [DEBUG] debug-file - Current idle worker size: 0.
[2026-05-07T15:06:44.411] [DEBUG] debug-file - Worker pool is initialized with config:  {
  minPoolNum: 2,
  maxPoolNum: undefined,
  maxCoreSize: undefined,
  cacheCapacity: undefined,
  cacheTtl: undefined
}
[2026-05-07T15:06:44.420] [DEBUG] debug-file - Current busy worker size: 0.
[2026-05-07T15:06:44.475] [DEBUG] debug-file - hvigor build process will be closed.
[2026-05-07T15:06:44.479] [DEBUG] debug-file - worker[0] exits with exit code 0.
[2026-05-07T15:06:44.479] [DEBUG] debug-file - worker[1] exits with exit code 0.
[2026-05-07T15:06:44.480] [DEBUG] debug-file - Current worker pool is terminated.
[2026-05-07T15:16:59.397] [DEBUG] debug-file - env: nodejsVersion=v18.20.1
[2026-05-07T15:16:59.798] [DEBUG] debug-file - Hvigor init with startParameters:{
  hvigorfileTypeCheck: false,
  parallelExecution: true,
  incrementalExecution: true,
  printStackTrace: false,
  daemon: false,
  analyze: 0,
  logLevel: Level { level: 20000, levelStr: 'INFO', colour: 'green' },
  optimizationStrategy: 'memory',
  hotCompile: undefined,
  hotReloadBuild: undefined,
  customizedParam: undefined
}
[2026-05-07T15:17:03.270] [DEBUG] debug-file - hvigorfile, require result:  { default: { system: [Function: appTasks], plugins: [] } }
[2026-05-07T15:17:03.671] [DEBUG] debug-file - Start initialize project's product build option map with build mode debug.
[2026-05-07T15:17:03.668] [DEBUG] debug-file - App plugin register hook start...
[2026-05-07T15:17:03.271] [DEBUG] debug-file - Starting plugin build process
[2026-05-07T15:17:03.678] [DEBUG] debug-file - Obtain build option for product 'default'in this build.
[2026-05-07T15:16:59.398] [DEBUG] debug-file - env: hvigor-config.json5 content = {
  modelVersion: '5.0.0',
  dependencies: {},
  execution: {},
  logging: {},
  debugging: {},
  nodeOptions: {}
}
[2026-05-07T15:16:59.798] [DEBUG] debug-file - Since current hvigor version 6.22.3 differs from last hvigor version 
      undefined, delete file-cache.json and task-cache.json.
[2026-05-07T15:17:03.270] [DEBUG] debug-file - hvigorfile, binding system plugins [Function: appTasks]
[2026-05-07T15:17:03.669] [DEBUG] debug-file - App plugin register hook end...
[2026-05-07T15:17:03.672] [DEBUG] debug-file - Picking option from product 'default' with build mode 'debug'.
[2026-05-07T15:17:03.271] [DEBUG] debug-file - App plugin prepare start...
[2026-05-07T15:17:03.681] [DEBUG] debug-file - not found resModel json file in : /Users/dongliu/dongLiu/ios_learning/english_phonetic/ohos/entry/src/ohosTest/module.json5
[2026-05-07T15:17:03.742] [DEBUG] debug-file - Create  resident worker with id: 0.
[2026-05-07T15:16:59.401] [DEBUG] debug-file - env: daemon=false
[2026-05-07T15:16:59.800] [DEBUG] debug-file - Cache service initialization finished in 2 ms 
[2026-05-07T15:17:03.669] [DEBUG] debug-file - Plugin build process completed
[2026-05-07T15:17:03.673] [DEBUG] debug-file - Product 'default' build option initialized
[2026-05-07T15:17:03.271] [DEBUG] debug-file - App plugin prepare end...
[2026-05-07T15:17:03.697] [DEBUG] debug-file - No signingConfig found, initRemoteHspCache failed.
[2026-05-07T15:17:03.746] [DEBUG] debug-file - Create  resident worker with id: 1.
[2026-05-07T15:16:59.401] [DEBUG] debug-file - no-daemon, use the parent process.execArgv --max-old-space-size=8192,--max-semi-space-size=16,--expose-gc
[2026-05-07T15:16:59.802] [DEBUG] debug-file - hvigorfile, resolving /Users/dongliu/dongLiu/ios_learning/english_phonetic/ohos/hvigorfile.ts
[2026-05-07T15:17:03.673] [DEBUG] debug-file - End initialize project's product build option map with build mode 'debug'.
[2026-05-07T15:17:03.271] [DEBUG] debug-file - App plugin creating...
[2026-05-07T15:17:03.697] [DEBUG] debug-file - not found resModel json file in : /Users/dongliu/dongLiu/ios_learning/english_phonetic/ohos/AppScope/app.json5
[2026-05-07T15:17:03.753] [DEBUG] debug-file - Current worker pool is stopped or closed.
[2026-05-07T15:17:03.704] [DEBUG] debug-file - hvigor build process will be closed with an error.
[2026-05-07T15:17:03.754] [DEBUG] debug-file - Clear worker 0.
[2026-05-07T15:17:03.706] [ERROR] debug-file - [31m00304067 Not Found
Error Message: app.json5 file not found. At file: /Users/dongliu/dongLiu/ios_learning/english_phonetic/ohos/AppScope/app.json5

* Try the following:
  > Make sure the app.json5 file exists.
[39m

[31m* Try:
> Run with --stacktrace option to get the stack trace.
> Run with --debug option to get more log output.

[2026-05-07T15:17:03.755] [DEBUG] debug-file - Worker 0 has been cleared.
[2026-05-07T15:17:03.707] [DEBUG] debug-file - ERROR: stacktrace = AdaptorError: [31m00304067 Not Found
Error Message: app.json5 file not found. At file: /Users/dongliu/dongLiu/ios_learning/english_phonetic/ohos/AppScope/app.json5

* Try the following:
  > Make sure the app.json5 file exists.
[39m
    at OhosLogger.printErrorExit (/Applications/DevEco-Studio.app/Contents/tools/hvigor/hvigor/src/base/log/hvigor-log.js:1:5087)
    at IntegratedHspUtils.initIntegratedHspCache (/Applications/DevEco-Studio.app/Contents/tools/hvigor/hvigor-ohos-plugin/src/utils/integrated-hsp-utils.js:1:1521)
    at new IntegratedHspUtils (/Applications/DevEco-Studio.app/Contents/tools/hvigor/hvigor-ohos-plugin/src/utils/integrated-hsp-utils.js:1:1255)
    at GlobalProjectDataService.initGlobalProjectData (/Applications/DevEco-Studio.app/Contents/tools/hvigor/hvigor-ohos-plugin/src/tasks/service/global-project-data-service.js:1:1745)
    at new ProjectTaskService (/Applications/DevEco-Studio.app/Contents/tools/hvigor/hvigor-ohos-plugin/src/tasks/service/project-task-service.js:1:2376)
    at AppPlugin.initTaskService (/Applications/DevEco-Studio.app/Contents/tools/hvigor/hvigor-ohos-plugin/src/plugin/app-plugin.js:1:715)
    at ProjectImpl.<anonymous> (/Applications/DevEco-Studio.app/Contents/tools/hvigor/hvigor-ohos-plugin/src/plugin/builder/app-plugin-builder.js:1:2161)
    at ProjectImpl.executeAfterBindSystemPluginsHook (/Applications/DevEco-Studio.app/Contents/tools/hvigor/hvigor/src/base/internal/lifecycle/hvigor-node-impl/default-node-impl.js:1:5526)
    at evaluateNodeVigorFile (/Applications/DevEco-Studio.app/Contents/tools/hvigor/hvigor/src/base/internal/lifecycle/configuration.js:1:9214)
    at process.processTicksAndRejections (node:internal/process/task_queues:95:5)
[2026-05-07T15:17:03.755] [DEBUG] debug-file - Current idle worker size: 1.
[2026-05-07T15:17:03.707] [ERROR] debug-file - AdaptorError: [31m00304067 Not Found
Error Message: app.json5 file not found. At file: /Users/dongliu/dongLiu/ios_learning/english_phonetic/ohos/AppScope/app.json5

* Try the following:
  > Make sure the app.json5 file exists.
[39m
    at OhosLogger.printErrorExit (/Applications/DevEco-Studio.app/Contents/tools/hvigor/hvigor/src/base/log/hvigor-log.js:1:5087)
    at IntegratedHspUtils.initIntegratedHspCache (/Applications/DevEco-Studio.app/Contents/tools/hvigor/hvigor-ohos-plugin/src/utils/integrated-hsp-utils.js:1:1521)
    at new IntegratedHspUtils (/Applications/DevEco-Studio.app/Contents/tools/hvigor/hvigor-ohos-plugin/src/utils/integrated-hsp-utils.js:1:1255)
    at GlobalProjectDataService.initGlobalProjectData (/Applications/DevEco-Studio.app/Contents/tools/hvigor/hvigor-ohos-plugin/src/tasks/service/global-project-data-service.js:1:1745)
    at new ProjectTaskService (/Applications/DevEco-Studio.app/Contents/tools/hvigor/hvigor-ohos-plugin/src/tasks/service/project-task-service.js:1:2376)
    at AppPlugin.initTaskService (/Applications/DevEco-Studio.app/Contents/tools/hvigor/hvigor-ohos-plugin/src/plugin/app-plugin.js:1:715)
    at ProjectImpl.<anonymous> (/Applications/DevEco-Studio.app/Contents/tools/hvigor/hvigor-ohos-plugin/src/plugin/builder/app-plugin-builder.js:1:2161)
    at ProjectImpl.executeAfterBindSystemPluginsHook (/Applications/DevEco-Studio.app/Contents/tools/hvigor/hvigor/src/base/internal/lifecycle/hvigor-node-impl/default-node-impl.js:1:5526)
    at evaluateNodeVigorFile (/Applications/DevEco-Studio.app/Contents/tools/hvigor/hvigor/src/base/internal/lifecycle/configuration.js:1:9214)
    at process.processTicksAndRejections (node:internal/process/task_queues:95:5)
[2026-05-07T15:17:03.755] [DEBUG] debug-file - Current busy worker size: 0.
[2026-05-07T15:17:03.709] [ERROR] debug-file - BUILD FAILED in 3 s 921 ms 
[2026-05-07T15:17:03.755] [DEBUG] debug-file - Clear worker 1.
[2026-05-07T15:17:03.755] [DEBUG] debug-file - Worker 1 has been cleared.
[2026-05-07T15:17:03.739] [DEBUG] debug-file - Since there is no instance or instance is terminated, create a new worker pool.
[2026-05-07T15:17:03.755] [DEBUG] debug-file - Current idle worker size: 0.
[2026-05-07T15:17:03.740] [DEBUG] debug-file - Worker pool is initialized with config:  {
  minPoolNum: 2,
  maxPoolNum: undefined,
  maxCoreSize: undefined,
  cacheCapacity: undefined,
  cacheTtl: undefined
}
[2026-05-07T15:17:03.755] [DEBUG] debug-file - Current busy worker size: 0.
[2026-05-07T15:17:03.777] [DEBUG] debug-file - hvigor build process will be closed.
[2026-05-07T15:17:03.785] [DEBUG] debug-file - worker[0] exits with exit code 0.
[2026-05-07T15:17:03.786] [DEBUG] debug-file - worker[1] exits with exit code 0.
[2026-05-07T15:17:03.787] [DEBUG] debug-file - Current worker pool is terminated.
[2026-05-07T15:24:35.117] [DEBUG] debug-file - env: nodejsVersion=v18.20.1
[2026-05-07T15:24:35.176] [DEBUG] debug-file - env: daemon=true
[2026-05-07T15:24:35.119] [DEBUG] debug-file - env: hvigor-config.json5 content = {
  modelVersion: '5.0.0',
  dependencies: {},
  execution: {},
  logging: {},
  debugging: {},
  nodeOptions: {}
}
[2026-05-07T15:24:35.950] [DEBUG] debug-file - java daemon tryConnect success
[2026-05-07T15:24:35.985] [DEBUG] debug-file - session manager: set active socket. socketId=PlwmHfaMj1WL0vTJAAAB
[2026-05-07T15:24:36.738] [DEBUG] debug-file - watch worker: worker id should be larger than 0. Nothing will be sent to any worker thread.
[2026-05-07T15:24:36.741] [DEBUG] debug-file - Since there is no instance or instance is terminated, create a new worker pool.
[2026-05-07T15:24:36.741] [DEBUG] debug-file - Worker pool is initialized with config:  {
  minPoolNum: 2,
  maxPoolNum: undefined,
  maxCoreSize: undefined,
  cacheCapacity: undefined,
  cacheTtl: undefined
}
[2026-05-07T15:24:36.742] [DEBUG] debug-file - Create  resident worker with id: 0.
[2026-05-07T15:24:36.745] [DEBUG] debug-file - Create  resident worker with id: 1.
[2026-05-07T15:24:36.748] [DEBUG] debug-file - Workers' log level updated to INFO
[2026-05-07T15:24:36.757] [DEBUG] debug-file - Hvigor init with startParameters:{
  hvigorfileTypeCheck: false,
  parallelExecution: true,
  incrementalExecution: true,
  printStackTrace: false,
  daemon: true,
  analyze: 0,
  logLevel: Level { level: 20000, levelStr: 'INFO', colour: 'green' },
  optimizationStrategy: 'memory',
  hotCompile: undefined,
  hotReloadBuild: undefined,
  customizedParam: undefined
}
[2026-05-07T15:24:36.758] [DEBUG] debug-file - Since current hvigor version 6.22.3 differs from last hvigor version 
      undefined, delete file-cache.json and task-cache.json.
[2026-05-07T15:24:36.760] [DEBUG] debug-file - Cache service initialization finished in 2 ms 
[2026-05-07T15:24:36.762] [DEBUG] debug-file - hvigorfile, resolving /Users/dongliu/dongLiu/ios_learning/english_phonetic/ohos/hvigorfile.ts
[2026-05-07T15:24:38.707] [DEBUG] debug-file - hvigorfile, require result:  { default: { plugins: [] } }
[2026-05-07T15:24:38.707] [DEBUG] debug-file - hvigorfile, binding system plugins null
[2026-05-07T15:24:38.708] [DEBUG] debug-file - Starting plugin build process
[2026-05-07T15:24:38.708] [DEBUG] debug-file - App plugin prepare start...
[2026-05-07T15:24:38.708] [DEBUG] debug-file - App plugin prepare end...
[2026-05-07T15:24:38.708] [DEBUG] debug-file - App plugin creating...
[2026-05-07T15:24:38.970] [DEBUG] debug-file - App plugin register hook start...
[2026-05-07T15:24:38.970] [DEBUG] debug-file - App plugin register hook end...
[2026-05-07T15:24:38.970] [DEBUG] debug-file - Plugin build process completed
[2026-05-07T15:24:38.972] [DEBUG] debug-file - Start initialize project's product build option map with build mode debug.
[2026-05-07T15:24:38.972] [DEBUG] debug-file - Picking option from product 'default' with build mode 'debug'.
[2026-05-07T15:24:38.973] [DEBUG] debug-file - Product 'default' build option initialized
[2026-05-07T15:24:38.973] [DEBUG] debug-file - End initialize project's product build option map with build mode 'debug'.
[2026-05-07T15:24:38.975] [DEBUG] debug-file - Obtain build option for product 'default'in this build.
[2026-05-07T15:24:38.977] [DEBUG] debug-file - not found resModel json file in : /Users/dongliu/dongLiu/ios_learning/english_phonetic/ohos/entry/src/ohosTest/module.json5
[2026-05-07T15:24:38.987] [DEBUG] debug-file - No signingConfig found, initRemoteHspCache failed.
[2026-05-07T15:24:38.987] [DEBUG] debug-file - not found resModel json file in : /Users/dongliu/dongLiu/ios_learning/english_phonetic/ohos/AppScope/app.json5
[2026-05-07T15:24:38.992] [DEBUG] debug-file - hvigor build process will be closed with an error.
[2026-05-07T15:24:38.992] [ERROR] debug-file - [31m00304067 Not Found
Error Message: app.json5 file not found. At file: /Users/dongliu/dongLiu/ios_learning/english_phonetic/ohos/AppScope/app.json5

* Try the following:
  > Make sure the app.json5 file exists.
[39m

[31m* Try:
> Run with --stacktrace option to get the stack trace.
> Run with --debug option to get more log output.

[2026-05-07T15:24:38.993] [DEBUG] debug-file - ERROR: stacktrace = AdaptorError: [31m00304067 Not Found
Error Message: app.json5 file not found. At file: /Users/dongliu/dongLiu/ios_learning/english_phonetic/ohos/AppScope/app.json5

* Try the following:
  > Make sure the app.json5 file exists.
[39m
    at OhosLogger.printErrorExit (/Applications/DevEco-Studio.app/Contents/tools/hvigor/hvigor/src/base/log/hvigor-log.js:1:5087)
    at IntegratedHspUtils.initIntegratedHspCache (/Applications/DevEco-Studio.app/Contents/tools/hvigor/hvigor-ohos-plugin/src/utils/integrated-hsp-utils.js:1:1521)
    at new IntegratedHspUtils (/Applications/DevEco-Studio.app/Contents/tools/hvigor/hvigor-ohos-plugin/src/utils/integrated-hsp-utils.js:1:1255)
    at GlobalProjectDataService.initGlobalProjectData (/Applications/DevEco-Studio.app/Contents/tools/hvigor/hvigor-ohos-plugin/src/tasks/service/global-project-data-service.js:1:1745)
    at new ProjectTaskService (/Applications/DevEco-Studio.app/Contents/tools/hvigor/hvigor-ohos-plugin/src/tasks/service/project-task-service.js:1:2376)
    at AppPlugin.initTaskService (/Applications/DevEco-Studio.app/Contents/tools/hvigor/hvigor-ohos-plugin/src/plugin/app-plugin.js:1:715)
    at ProjectImpl.<anonymous> (/Applications/DevEco-Studio.app/Contents/tools/hvigor/hvigor-ohos-plugin/src/plugin/builder/app-plugin-builder.js:1:2161)
    at ProjectImpl.executeAfterBindSystemPluginsHook (/Applications/DevEco-Studio.app/Contents/tools/hvigor/hvigor/src/base/internal/lifecycle/hvigor-node-impl/default-node-impl.js:1:5526)
    at evaluateNodeVigorFile (/Applications/DevEco-Studio.app/Contents/tools/hvigor/hvigor/src/base/internal/lifecycle/configuration.js:1:9214)
    at process.processTicksAndRejections (node:internal/process/task_queues:95:5)
[2026-05-07T15:24:38.993] [ERROR] debug-file - AdaptorError: [31m00304067 Not Found
Error Message: app.json5 file not found. At file: /Users/dongliu/dongLiu/ios_learning/english_phonetic/ohos/AppScope/app.json5

* Try the following:
  > Make sure the app.json5 file exists.
[39m
    at OhosLogger.printErrorExit (/Applications/DevEco-Studio.app/Contents/tools/hvigor/hvigor/src/base/log/hvigor-log.js:1:5087)
    at IntegratedHspUtils.initIntegratedHspCache (/Applications/DevEco-Studio.app/Contents/tools/hvigor/hvigor-ohos-plugin/src/utils/integrated-hsp-utils.js:1:1521)
    at new IntegratedHspUtils (/Applications/DevEco-Studio.app/Contents/tools/hvigor/hvigor-ohos-plugin/src/utils/integrated-hsp-utils.js:1:1255)
    at GlobalProjectDataService.initGlobalProjectData (/Applications/DevEco-Studio.app/Contents/tools/hvigor/hvigor-ohos-plugin/src/tasks/service/global-project-data-service.js:1:1745)
    at new ProjectTaskService (/Applications/DevEco-Studio.app/Contents/tools/hvigor/hvigor-ohos-plugin/src/tasks/service/project-task-service.js:1:2376)
    at AppPlugin.initTaskService (/Applications/DevEco-Studio.app/Contents/tools/hvigor/hvigor-ohos-plugin/src/plugin/app-plugin.js:1:715)
    at ProjectImpl.<anonymous> (/Applications/DevEco-Studio.app/Contents/tools/hvigor/hvigor-ohos-plugin/src/plugin/builder/app-plugin-builder.js:1:2161)
    at ProjectImpl.executeAfterBindSystemPluginsHook (/Applications/DevEco-Studio.app/Contents/tools/hvigor/hvigor/src/base/internal/lifecycle/hvigor-node-impl/default-node-impl.js:1:5526)
    at evaluateNodeVigorFile (/Applications/DevEco-Studio.app/Contents/tools/hvigor/hvigor/src/base/internal/lifecycle/configuration.js:1:9214)
    at process.processTicksAndRejections (node:internal/process/task_queues:95:5)
[2026-05-07T15:24:38.994] [ERROR] debug-file - BUILD FAILED in 2 s 245 ms 
[2026-05-07T15:24:39.001] [DEBUG] debug-file - Cleanup worker 0.
[2026-05-07T15:24:39.001] [DEBUG] debug-file - Worker 0 has been cleaned up.
[2026-05-07T15:24:39.001] [DEBUG] debug-file - Current idle worker size: 1.
[2026-05-07T15:24:39.001] [DEBUG] debug-file - Current resident worker size: 2.
[2026-05-07T15:24:39.001] [DEBUG] debug-file - Cleanup worker 1.
[2026-05-07T15:24:39.001] [DEBUG] debug-file - Worker 1 has been cleaned up.
[2026-05-07T15:24:39.002] [DEBUG] debug-file - Current idle worker size: 0.
[2026-05-07T15:24:39.002] [DEBUG] debug-file - Current resident worker size: 2.
[2026-05-07T15:24:39.006] [DEBUG] debug-file - session manager: send message to worker process.
[2026-05-07T15:24:39.006] [DEBUG] debug-file - session manager: send message to worker process.
[2026-05-07T15:24:39.012] [DEBUG] debug-file - hvigor build process will be closed.
[2026-05-07T15:24:39.014] [DEBUG] debug-file - worker[0] exits with exit code 1.
[2026-05-07T15:24:39.015] [DEBUG] debug-file - worker[1] exits with exit code 1.
[2026-05-07T15:24:39.016] [DEBUG] debug-file - watch worker: worker id should be larger than 0. Nothing will be sent to any worker thread.
[2026-05-07T15:24:39.016] [DEBUG] debug-file - watch worker: worker id should be larger than 0. Nothing will be sent to any worker thread.
[2026-05-07T15:24:46.039] [DEBUG] debug-file - session manager: set active socket. socketId=PtVBeapzSnrboxu3AAAD
[2026-05-07T15:24:46.043] [DEBUG] debug-file - watch worker: worker id should be larger than 0. Nothing will be sent to any worker thread.
[2026-05-07T15:24:46.046] [DEBUG] debug-file - Workers' log level updated to INFO
[2026-05-07T15:24:46.049] [DEBUG] debug-file - Hvigor init with startParameters:{
  hvigorfileTypeCheck: false,
  parallelExecution: true,
  incrementalExecution: true,
  printStackTrace: false,
  daemon: true,
  analyze: 0,
  logLevel: Level { level: 20000, levelStr: 'INFO', colour: 'green' },
  optimizationStrategy: 'memory',
  hotCompile: undefined,
  hotReloadBuild: undefined,
  customizedParam: undefined
}
[2026-05-07T15:24:46.050] [DEBUG] debug-file - Since current hvigor version 6.22.3 differs from last hvigor version 
      undefined, delete file-cache.json and task-cache.json.
[2026-05-07T15:24:46.050] [DEBUG] debug-file - Cache service initialization finished in 1 ms 
[2026-05-07T15:24:46.052] [DEBUG] debug-file - hvigorfile, resolving /Users/dongliu/dongLiu/ios_learning/english_phonetic/ohos/hvigorfile.ts
[2026-05-07T15:24:46.062] [DEBUG] debug-file - hvigorfile, require result:  { default: { plugins: [] } }
[2026-05-07T15:24:46.062] [DEBUG] debug-file - hvigorfile, binding system plugins null
[2026-05-07T15:24:46.063] [DEBUG] debug-file - Starting plugin build process
[2026-05-07T15:24:46.063] [DEBUG] debug-file - App plugin prepare start...
[2026-05-07T15:24:46.063] [DEBUG] debug-file - App plugin prepare end...
[2026-05-07T15:24:46.063] [DEBUG] debug-file - App plugin creating...
[2026-05-07T15:24:46.069] [DEBUG] debug-file - App plugin register hook start...
[2026-05-07T15:24:46.069] [DEBUG] debug-file - App plugin register hook end...
[2026-05-07T15:24:46.069] [DEBUG] debug-file - Plugin build process completed
[2026-05-07T15:24:46.069] [DEBUG] debug-file - Start initialize project's product build option map with build mode debug.
[2026-05-07T15:24:46.070] [DEBUG] debug-file - Picking option from product 'default' with build mode 'debug'.
[2026-05-07T15:24:46.070] [DEBUG] debug-file - Product 'default' build option initialized
[2026-05-07T15:24:46.070] [DEBUG] debug-file - End initialize project's product build option map with build mode 'debug'.
[2026-05-07T15:24:46.071] [DEBUG] debug-file - Obtain build option for product 'default'in this build.
[2026-05-07T15:24:46.071] [DEBUG] debug-file - not found resModel json file in : /Users/dongliu/dongLiu/ios_learning/english_phonetic/ohos/entry/src/ohosTest/module.json5
[2026-05-07T15:24:46.075] [DEBUG] debug-file - No signingConfig found, initRemoteHspCache failed.
[2026-05-07T15:24:46.075] [DEBUG] debug-file - not found resModel json file in : /Users/dongliu/dongLiu/ios_learning/english_phonetic/ohos/AppScope/app.json5
[2026-05-07T15:24:46.078] [DEBUG] debug-file - hvigor build process will be closed with an error.
[2026-05-07T15:24:46.078] [ERROR] debug-file - [31m00304067 Not Found
Error Message: app.json5 file not found. At file: /Users/dongliu/dongLiu/ios_learning/english_phonetic/ohos/AppScope/app.json5

* Try the following:
  > Make sure the app.json5 file exists.
[39m

[31m* Try:
> Run with --stacktrace option to get the stack trace.
> Run with --debug option to get more log output.

[2026-05-07T15:24:46.078] [DEBUG] debug-file - ERROR: stacktrace = AdaptorError: [31m00304067 Not Found
Error Message: app.json5 file not found. At file: /Users/dongliu/dongLiu/ios_learning/english_phonetic/ohos/AppScope/app.json5

* Try the following:
  > Make sure the app.json5 file exists.
[39m
    at OhosLogger.printErrorExit (/Applications/DevEco-Studio.app/Contents/tools/hvigor/hvigor/src/base/log/hvigor-log.js:1:5087)
    at IntegratedHspUtils.initIntegratedHspCache (/Applications/DevEco-Studio.app/Contents/tools/hvigor/hvigor-ohos-plugin/src/utils/integrated-hsp-utils.js:1:1521)
    at new IntegratedHspUtils (/Applications/DevEco-Studio.app/Contents/tools/hvigor/hvigor-ohos-plugin/src/utils/integrated-hsp-utils.js:1:1255)
    at GlobalProjectDataService.initGlobalProjectData (/Applications/DevEco-Studio.app/Contents/tools/hvigor/hvigor-ohos-plugin/src/tasks/service/global-project-data-service.js:1:1745)
    at new ProjectTaskService (/Applications/DevEco-Studio.app/Contents/tools/hvigor/hvigor-ohos-plugin/src/tasks/service/project-task-service.js:1:2376)
    at AppPlugin.initTaskService (/Applications/DevEco-Studio.app/Contents/tools/hvigor/hvigor-ohos-plugin/src/plugin/app-plugin.js:1:715)
    at ProjectImpl.<anonymous> (/Applications/DevEco-Studio.app/Contents/tools/hvigor/hvigor-ohos-plugin/src/plugin/builder/app-plugin-builder.js:1:2161)
    at ProjectImpl.executeAfterBindSystemPluginsHook (/Applications/DevEco-Studio.app/Contents/tools/hvigor/hvigor/src/base/internal/lifecycle/hvigor-node-impl/default-node-impl.js:1:5526)
    at evaluateNodeVigorFile (/Applications/DevEco-Studio.app/Contents/tools/hvigor/hvigor/src/base/internal/lifecycle/configuration.js:1:9214)
    at process.processTicksAndRejections (node:internal/process/task_queues:95:5)
[2026-05-07T15:24:46.078] [ERROR] debug-file - AdaptorError: [31m00304067 Not Found
Error Message: app.json5 file not found. At file: /Users/dongliu/dongLiu/ios_learning/english_phonetic/ohos/AppScope/app.json5

* Try the following:
  > Make sure the app.json5 file exists.
[39m
    at OhosLogger.printErrorExit (/Applications/DevEco-Studio.app/Contents/tools/hvigor/hvigor/src/base/log/hvigor-log.js:1:5087)
    at IntegratedHspUtils.initIntegratedHspCache (/Applications/DevEco-Studio.app/Contents/tools/hvigor/hvigor-ohos-plugin/src/utils/integrated-hsp-utils.js:1:1521)
    at new IntegratedHspUtils (/Applications/DevEco-Studio.app/Contents/tools/hvigor/hvigor-ohos-plugin/src/utils/integrated-hsp-utils.js:1:1255)
    at GlobalProjectDataService.initGlobalProjectData (/Applications/DevEco-Studio.app/Contents/tools/hvigor/hvigor-ohos-plugin/src/tasks/service/global-project-data-service.js:1:1745)
    at new ProjectTaskService (/Applications/DevEco-Studio.app/Contents/tools/hvigor/hvigor-ohos-plugin/src/tasks/service/project-task-service.js:1:2376)
    at AppPlugin.initTaskService (/Applications/DevEco-Studio.app/Contents/tools/hvigor/hvigor-ohos-plugin/src/plugin/app-plugin.js:1:715)
    at ProjectImpl.<anonymous> (/Applications/DevEco-Studio.app/Contents/tools/hvigor/hvigor-ohos-plugin/src/plugin/builder/app-plugin-builder.js:1:2161)
    at ProjectImpl.executeAfterBindSystemPluginsHook (/Applications/DevEco-Studio.app/Contents/tools/hvigor/hvigor/src/base/internal/lifecycle/hvigor-node-impl/default-node-impl.js:1:5526)
    at evaluateNodeVigorFile (/Applications/DevEco-Studio.app/Contents/tools/hvigor/hvigor/src/base/internal/lifecycle/configuration.js:1:9214)
    at process.processTicksAndRejections (node:internal/process/task_queues:95:5)
[2026-05-07T15:24:46.079] [ERROR] debug-file - BUILD FAILED in 33 ms 
[2026-05-07T15:24:46.082] [DEBUG] debug-file - There's no busy workers and idle workers need cleanup.
[2026-05-07T15:24:46.082] [DEBUG] debug-file - hvigor build process will be closed.
[2026-05-07T15:24:46.087] [DEBUG] debug-file - session manager: send message to worker process.
[2026-05-07T15:24:46.088] [DEBUG] debug-file - session manager: send message to worker process.
[2026-05-07T15:24:46.088] [DEBUG] debug-file - watch worker: worker id should be larger than 0. Nothing will be sent to any worker thread.
[2026-05-07T15:24:46.088] [DEBUG] debug-file - watch worker: worker id should be larger than 0. Nothing will be sent to any worker thread.
[2026-05-07T15:26:29.708] [DEBUG] debug-file - session manager: set active socket. socketId=0jH6BKFHp4BIWMNgAAAF
[2026-05-07T15:26:29.711] [DEBUG] debug-file - watch worker: worker id should be larger than 0. Nothing will be sent to any worker thread.
[2026-05-07T15:26:29.714] [DEBUG] debug-file - Workers' log level updated to INFO
[2026-05-07T15:26:29.716] [DEBUG] debug-file - Hvigor init with startParameters:{
  hvigorfileTypeCheck: false,
  parallelExecution: true,
  incrementalExecution: true,
  printStackTrace: false,
  daemon: true,
  analyze: 0,
  logLevel: Level { level: 20000, levelStr: 'INFO', colour: 'green' },
  optimizationStrategy: 'memory',
  hotCompile: undefined,
  hotReloadBuild: undefined,
  customizedParam: undefined
}
[2026-05-07T15:26:29.717] [DEBUG] debug-file - Since current hvigor version 6.22.3 differs from last hvigor version 
      undefined, delete file-cache.json and task-cache.json.
[2026-05-07T15:26:29.718] [DEBUG] debug-file - Cache service initialization finished in 1 ms 
[2026-05-07T15:26:29.719] [DEBUG] debug-file - hvigorfile, resolving /Users/dongliu/dongLiu/ios_learning/english_phonetic/ohos/hvigorfile.ts
[2026-05-07T15:26:29.730] [DEBUG] debug-file - hvigorfile, require result:  { default: { plugins: [] } }
[2026-05-07T15:26:29.730] [DEBUG] debug-file - hvigorfile, binding system plugins null
[2026-05-07T15:26:29.731] [DEBUG] debug-file - Starting plugin build process
[2026-05-07T15:26:29.731] [DEBUG] debug-file - App plugin prepare start...
[2026-05-07T15:26:29.731] [DEBUG] debug-file - App plugin prepare end...
[2026-05-07T15:26:29.731] [DEBUG] debug-file - App plugin creating...
[2026-05-07T15:26:29.738] [DEBUG] debug-file - App plugin register hook start...
[2026-05-07T15:26:29.738] [DEBUG] debug-file - App plugin register hook end...
[2026-05-07T15:26:29.739] [DEBUG] debug-file - Plugin build process completed
[2026-05-07T15:26:29.739] [DEBUG] debug-file - Start initialize project's product build option map with build mode debug.
[2026-05-07T15:26:29.739] [DEBUG] debug-file - Picking option from product 'default' with build mode 'debug'.
[2026-05-07T15:26:29.739] [DEBUG] debug-file - Product 'default' build option initialized
[2026-05-07T15:26:29.740] [DEBUG] debug-file - End initialize project's product build option map with build mode 'debug'.
[2026-05-07T15:26:29.740] [DEBUG] debug-file - Obtain build option for product 'default'in this build.
[2026-05-07T15:26:29.742] [DEBUG] debug-file - not found resModel json file in : /Users/dongliu/dongLiu/ios_learning/english_phonetic/ohos/entry/src/ohosTest/module.json5
[2026-05-07T15:26:29.745] [DEBUG] debug-file - No signingConfig found, initRemoteHspCache failed.
[2026-05-07T15:26:29.749] [DEBUG] debug-file - Local scan or download HarmonyOS sdk components toolchains,ets,js,native,previewer
[2026-05-07T15:26:29.752] [DEBUG] debug-file - Local scan or download hmscore sdk components toolchains,ets,native
[2026-05-07T15:26:29.755] [DEBUG] debug-file - Start recording SDK configuration permission data.
[2026-05-07T15:26:29.811] [DEBUG] debug-file - Sdk init in 64 ms 
[2026-05-07T15:26:29.822] [DEBUG] debug-file - Project task initialization takes 10 ms 
[2026-05-07T15:26:29.823] [DEBUG] debug-file - hvigorfile, binding custom plugins []
[2026-05-07T15:26:29.823] [DEBUG] debug-file - hvigorfile, no custom plugins were found in /Users/dongliu/dongLiu/ios_learning/english_phonetic/ohos/hvigorfile.ts
[2026-05-07T15:26:29.823] [DEBUG] debug-file - hvigorfile, resolve finished /Users/dongliu/dongLiu/ios_learning/english_phonetic/ohos/hvigorfile.ts
[2026-05-07T15:26:29.824] [DEBUG] debug-file - hvigorfile, resolving /Users/dongliu/dongLiu/ios_learning/english_phonetic/ohos/entry/hvigorfile.ts
[2026-05-07T15:26:29.834] [DEBUG] debug-file - hvigorfile, require result:  { default: { plugins: [] } }
[2026-05-07T15:26:29.834] [DEBUG] debug-file - hvigorfile, binding system plugins null
[2026-05-07T15:26:29.834] [DEBUG] debug-file - Starting plugin build process
[2026-05-07T15:26:29.835] [DEBUG] debug-file - Hap plugin creating...
[2026-05-07T15:26:29.836] [DEBUG] debug-file - failed to load cangjie to dynamically generate schemas: Error: Cannot find module '@ohos/cangjie-build-support/index'
Require stack:
- /Applications/DevEco-Studio.app/Contents/tools/hvigor/hvigor-ohos-plugin/src/plugin/hooks/cangjie-register.js
- /Applications/DevEco-Studio.app/Contents/tools/hvigor/hvigor-ohos-plugin/src/plugin/strategy/stage-init-strategy.js
- /Applications/DevEco-Studio.app/Contents/tools/hvigor/hvigor-ohos-plugin/src/plugin/builder/abstract-plugin-builder.js
- /Applications/DevEco-Studio.app/Contents/tools/hvigor/hvigor-ohos-plugin/src/plugin/builder/app-plugin-builder.js
- /Applications/DevEco-Studio.app/Contents/tools/hvigor/hvigor-ohos-plugin/src/plugin/factory/plugin-factory.js
- /Applications/DevEco-Studio.app/Contents/tools/hvigor/hvigor-ohos-plugin/index.js
- /Users/dongliu/dongLiu/ios_learning/english_phonetic/ohos/hvigorfile.ts
- /Applications/DevEco-Studio.app/Contents/tools/hvigor/hvigor/src/base/internal/lifecycle/configuration.js
- /Applications/DevEco-Studio.app/Contents/tools/hvigor/hvigor/src/base/boot/index.js
- /Applications/DevEco-Studio.app/Contents/tools/hvigor/hvigor/src/base/daemon/cluster/worker-process-lifecycle.js
- /Applications/DevEco-Studio.app/Contents/tools/hvigor/hvigor/src/base/daemon/process/daemon-process-boot-script.js
[2026-05-07T15:26:29.855] [DEBUG] debug-file - Start initialize module-target build option map, moduleName=entry, buildMode=debug
[2026-05-07T15:26:29.855] [DEBUG] debug-file - Target 'default' config initialized
[2026-05-07T15:26:29.856] [DEBUG] debug-file - Target 'ohosTest' config initialized
[2026-05-07T15:26:29.857] [DEBUG] debug-file - Module 'entry' target 'default' build option initialized
[2026-05-07T15:26:29.857] [DEBUG] debug-file - Module 'entry' target 'ohosTest' build option initialized
[2026-05-07T15:26:29.857] [DEBUG] debug-file - End initialize module-target build option map, moduleName=entry
[2026-05-07T15:26:29.857] [DEBUG] debug-file - Start initialize module-target build option map, moduleName=entry, buildMode=release
[2026-05-07T15:26:29.857] [DEBUG] debug-file - Target 'default' config initialized
[2026-05-07T15:26:29.858] [DEBUG] debug-file - Target 'ohosTest' config initialized
[2026-05-07T15:26:29.858] [DEBUG] debug-file - Module 'entry' target 'default' build option initialized
[2026-05-07T15:26:29.858] [DEBUG] debug-file - Module 'entry' target 'ohosTest' build option initialized
[2026-05-07T15:26:29.858] [DEBUG] debug-file - End initialize module-target build option map, moduleName=entry
[2026-05-07T15:26:29.858] [DEBUG] debug-file - Start initialize module-target build option map, moduleName=entry, buildMode=debug
[2026-05-07T15:26:29.858] [DEBUG] debug-file - Target 'default' config initialized
[2026-05-07T15:26:29.859] [DEBUG] debug-file - Target 'ohosTest' config initialized
[2026-05-07T15:26:29.859] [DEBUG] debug-file - Module 'entry' target 'default' build option initialized
[2026-05-07T15:26:29.859] [DEBUG] debug-file - Module 'entry' target 'ohosTest' build option initialized
[2026-05-07T15:26:29.859] [DEBUG] debug-file - End initialize module-target build option map, moduleName=entry
[2026-05-07T15:26:29.859] [DEBUG] debug-file - Obtain build option for module 'entry' target 'default'in this build.
[2026-05-07T15:26:29.869] [DEBUG] debug-file - Module entry task initialization takes 9 ms 
[2026-05-07T15:26:29.870] [DEBUG] debug-file - Hap plugin register hook start...
[2026-05-07T15:26:29.870] [DEBUG] debug-file - Hap plugin register hook end...
[2026-05-07T15:26:29.870] [DEBUG] debug-file - Plugin build process completed
[2026-05-07T15:26:29.870] [DEBUG] debug-file - hvigorfile, binding custom plugins []
[2026-05-07T15:26:29.870] [DEBUG] debug-file - hvigorfile, no custom plugins were found in /Users/dongliu/dongLiu/ios_learning/english_phonetic/ohos/entry/hvigorfile.ts
[2026-05-07T15:26:29.870] [DEBUG] debug-file - hvigorfile, resolve finished /Users/dongliu/dongLiu/ios_learning/english_phonetic/ohos/entry/hvigorfile.ts
[2026-05-07T15:26:30.005] [DEBUG] debug-file - hvigorfile, resolve hvigorfile dependencies in 133 ms 
[2026-05-07T15:26:30.005] [DEBUG] debug-file - project has submodules:entry
[2026-05-07T15:26:30.006] [DEBUG] debug-file - start to load updatedOhPackageInfo to the disk
[2026-05-07T15:26:30.008] [DEBUG] debug-file - load to the disk finished
[2026-05-07T15:26:30.009] [DEBUG] debug-file - Start to initialize dependency information.
[2026-05-07T15:26:30.011] [DEBUG] debug-file - Module ohos Collected Dependency: 
[2026-05-07T15:26:30.011] [DEBUG] debug-file - Module ohos's total dependency: 0
[2026-05-07T15:26:30.013] [DEBUG] debug-file - Start to initialize dependency information.
[2026-05-07T15:26:30.015] [DEBUG] debug-file - Module entry Collected Dependency: 
[2026-05-07T15:26:30.015] [DEBUG] debug-file - Module entry's total dependency: 0
[2026-05-07T15:26:30.019] [DEBUG] debug-file - Configuration phase cost:302 ms 
[2026-05-07T15:26:30.023] [DEBUG] debug-file - Configuration task cost before running: 309 ms 
[2026-05-07T15:26:30.024] [DEBUG] debug-file - Executing task :entry:clean
[2026-05-07T15:26:30.024] [DEBUG] debug-file - clean: Worker pool is inactive.
[2026-05-07T15:26:30.025] [DEBUG] debug-file - entry : clean cost memory 0.21581268310546875
[2026-05-07T15:26:30.025] [DEBUG] debug-file - runTaskFromQueue task cost before running: 312 ms 
[2026-05-07T15:26:30.026] [INFO] debug-file - Finished :entry:clean... after 2 ms 
[2026-05-07T15:26:30.026] [DEBUG] debug-file - Executing task ::clean
[2026-05-07T15:26:30.027] [DEBUG] debug-file - clean: Worker pool is inactive.
[2026-05-07T15:26:30.027] [DEBUG] debug-file - ohos : clean cost memory 0.02530670166015625
[2026-05-07T15:26:30.027] [DEBUG] debug-file - runTaskFromQueue task cost before running: 314 ms 
[2026-05-07T15:26:30.027] [INFO] debug-file - Finished ::clean... after 1 ms 
[2026-05-07T15:26:30.027] [DEBUG] debug-file - Executing task :entry:init
[2026-05-07T15:26:30.028] [DEBUG] debug-file - entry : init cost memory 0.01495361328125
[2026-05-07T15:26:30.028] [DEBUG] debug-file - runTaskFromQueue task cost before running: 314 ms 
[2026-05-07T15:26:30.028] [INFO] debug-file - Finished :entry:init... after 1 ms 
[2026-05-07T15:26:30.028] [DEBUG] debug-file - Executing task ::init
[2026-05-07T15:26:30.028] [DEBUG] debug-file - ohos : init cost memory 0.013824462890625
[2026-05-07T15:26:30.029] [DEBUG] debug-file - runTaskFromQueue task cost before running: 315 ms 
[2026-05-07T15:26:30.029] [INFO] debug-file - Finished ::init... after 1 ms 
[2026-05-07T15:26:30.032] [DEBUG] debug-file - Obtain build option for module 'entry' target 'default'in this build.
[2026-05-07T15:26:30.032] [DEBUG] debug-file - Obtain build option for module 'entry' target 'ohosTest'in this build.
[2026-05-07T15:26:30.035] [DEBUG] debug-file - There's no busy workers and idle workers need cleanup.
[2026-05-07T15:26:30.035] [DEBUG] debug-file - hvigor build process will be closed.
[2026-05-07T15:26:30.307] [DEBUG] debug-file - session manager: send message to worker process.
[2026-05-07T15:26:30.307] [DEBUG] debug-file - session manager: send message to worker process.
[2026-05-07T15:26:30.307] [DEBUG] debug-file - watch worker: worker id should be larger than 0. Nothing will be sent to any worker thread.
[2026-05-07T15:26:30.308] [DEBUG] debug-file - watch worker: worker id should be larger than 0. Nothing will be sent to any worker thread.
[2026-05-07T15:38:18.261] [DEBUG] debug-file - env: nodejsVersion=v23.5.0
[2026-05-07T15:38:18.740] [DEBUG] debug-file - Hvigor init with startParameters:{
  hvigorfileTypeCheck: false,
  parallelExecution: true,
  incrementalExecution: true,
  printStackTrace: false,
  daemon: false,
  analyze: 0,
  logLevel: Level { level: 20000, levelStr: 'INFO', colour: 'green' },
  optimizationStrategy: 'memory',
  hotCompile: undefined,
  hotReloadBuild: undefined,
  customizedParam: undefined
}
[2026-05-07T15:38:21.251] [DEBUG] debug-file - Starting plugin build process
[2026-05-07T15:38:18.262] [DEBUG] debug-file - env: hvigor-config.json5 content = {
  modelVersion: '5.0.0',
  dependencies: {},
  execution: {},
  logging: {},
  debugging: {},
  nodeOptions: {}
}
[2026-05-07T15:38:18.742] [DEBUG] debug-file - Cache service initialization finished in 2 ms 
[2026-05-07T15:38:21.457] [DEBUG] debug-file - Create  resident worker with id: 0.
[2026-05-07T15:38:21.251] [DEBUG] debug-file - App plugin prepare start...
[2026-05-07T15:38:18.264] [DEBUG] debug-file - env: daemon=false
[2026-05-07T15:38:18.745] [DEBUG] debug-file - hvigorfile, resolving /Users/dongliu/dongLiu/ios_learning/english_phonetic/ohos/hvigorfile.ts
[2026-05-07T15:38:21.460] [DEBUG] debug-file - Create  resident worker with id: 1.
[2026-05-07T15:38:21.251] [DEBUG] debug-file - App plugin prepare end...
[2026-05-07T15:38:18.264] [DEBUG] debug-file - no-daemon, use the parent process.execArgv --preserve-symlinks
[2026-05-07T15:38:21.247] [DEBUG] debug-file - hvigorfile, require result:  { default: { system: [Function: appTasks], plugins: [] } }
[2026-05-07T15:38:21.462] [DEBUG] debug-file - Current worker pool is stopped or closed.
[2026-05-07T15:38:21.252] [DEBUG] debug-file - App plugin creating...
[2026-05-07T15:38:21.248] [DEBUG] debug-file - hvigorfile, binding system plugins [Function: appTasks]
[2026-05-07T15:38:21.463] [DEBUG] debug-file - Clear worker 0.
[2026-05-07T15:38:21.443] [DEBUG] debug-file - hvigor build process will be closed with an error.
[2026-05-07T15:38:21.463] [DEBUG] debug-file - Worker 0 has been cleared.
[2026-05-07T15:38:21.444] [ERROR] debug-file - [31m00302013 Script Error
Error Message: The root node is not yet available for build. At file: hvigorfile.ts or hvigorconfig.ts

* Try the following:
  > Check if the hvigorconfig.ts or hvigorfile.ts is configured correctly.
  > Check if the build-profile.json5 is configured correctly.
[39m

[31m* Try:
> Run with --stacktrace option to get the stack trace.
> Run with --debug option to get more log output.

[2026-05-07T15:38:21.463] [DEBUG] debug-file - Current idle worker size: 1.
[2026-05-07T15:38:21.444] [DEBUG] debug-file - ERROR: stacktrace = AdaptorError: [31m00302013 Script Error
Error Message: The root node is not yet available for build. At file: hvigorfile.ts or hvigorconfig.ts

* Try the following:
  > Check if the hvigorconfig.ts or hvigorfile.ts is configured correctly.
  > Check if the build-profile.json5 is configured correctly.
[39m
    at HvigorLogger.printErrorExit (/Users/dongliu/dongLiu/ios_learning/english_phonetic/ohos/node_modules/@ohos/hvigor/src/base/log/hvigor-log.js:1:5087)
    at Hvigor._getRootNode (/Users/dongliu/dongLiu/ios_learning/english_phonetic/ohos/node_modules/@ohos/hvigor/src/base/external/core/hvigor.js:1:1269)
    at Hvigor.getRootNodeInternal (/Users/dongliu/dongLiu/ios_learning/english_phonetic/ohos/node_modules/@ohos/hvigor/src/base/external/core/hvigor.js:1:1108)
    at ProjectBuildProfileLoader.getBuildProfile (/Users/dongliu/dongLiu/ios_learning/english_phonetic/ohos/node_modules/@ohos/hvigor-ohos-plugin/src/utils/loader/file/project-build-profile-loader.js:1:690)
    at ProjectModelImpl.projectBuildProfileCheck (/Users/dongliu/dongLiu/ios_learning/english_phonetic/ohos/node_modules/@ohos/hvigor-ohos-plugin/src/model/project/core-project-model-impl.js:1:9331)
    at new CoreProjectModelImpl (/Users/dongliu/dongLiu/ios_learning/english_phonetic/ohos/node_modules/@ohos/hvigor-ohos-plugin/src/model/project/core-project-model-impl.js:1:2627)
    at new ProjectModelImpl (/Users/dongliu/dongLiu/ios_learning/english_phonetic/ohos/node_modules/@ohos/hvigor-ohos-plugin/src/model/project/project-model-impl.js:1:596)
    at new AppPlugin (/Users/dongliu/dongLiu/ios_learning/english_phonetic/ohos/node_modules/@ohos/hvigor-ohos-plugin/src/plugin/app-plugin.js:1:514)
    at StageInitializationStrategy.createAppPlugin (/Users/dongliu/dongLiu/ios_learning/english_phonetic/ohos/node_modules/@ohos/hvigor-ohos-plugin/src/plugin/strategy/stage-init-strategy.js:1:949)
    at AppPluginBuilder.createPlugin (/Users/dongliu/dongLiu/ios_learning/english_phonetic/ohos/node_modules/@ohos/hvigor-ohos-plugin/src/plugin/builder/app-plugin-builder.js:1:1485)
[2026-05-07T15:38:21.463] [DEBUG] debug-file - Current busy worker size: 0.
[2026-05-07T15:38:21.444] [ERROR] debug-file - AdaptorError: [31m00302013 Script Error
Error Message: The root node is not yet available for build. At file: hvigorfile.ts or hvigorconfig.ts

* Try the following:
  > Check if the hvigorconfig.ts or hvigorfile.ts is configured correctly.
  > Check if the build-profile.json5 is configured correctly.
[39m
    at HvigorLogger.printErrorExit (/Users/dongliu/dongLiu/ios_learning/english_phonetic/ohos/node_modules/@ohos/hvigor/src/base/log/hvigor-log.js:1:5087)
    at Hvigor._getRootNode (/Users/dongliu/dongLiu/ios_learning/english_phonetic/ohos/node_modules/@ohos/hvigor/src/base/external/core/hvigor.js:1:1269)
    at Hvigor.getRootNodeInternal (/Users/dongliu/dongLiu/ios_learning/english_phonetic/ohos/node_modules/@ohos/hvigor/src/base/external/core/hvigor.js:1:1108)
    at ProjectBuildProfileLoader.getBuildProfile (/Users/dongliu/dongLiu/ios_learning/english_phonetic/ohos/node_modules/@ohos/hvigor-ohos-plugin/src/utils/loader/file/project-build-profile-loader.js:1:690)
    at ProjectModelImpl.projectBuildProfileCheck (/Users/dongliu/dongLiu/ios_learning/english_phonetic/ohos/node_modules/@ohos/hvigor-ohos-plugin/src/model/project/core-project-model-impl.js:1:9331)
    at new CoreProjectModelImpl (/Users/dongliu/dongLiu/ios_learning/english_phonetic/ohos/node_modules/@ohos/hvigor-ohos-plugin/src/model/project/core-project-model-impl.js:1:2627)
    at new ProjectModelImpl (/Users/dongliu/dongLiu/ios_learning/english_phonetic/ohos/node_modules/@ohos/hvigor-ohos-plugin/src/model/project/project-model-impl.js:1:596)
    at new AppPlugin (/Users/dongliu/dongLiu/ios_learning/english_phonetic/ohos/node_modules/@ohos/hvigor-ohos-plugin/src/plugin/app-plugin.js:1:514)
    at StageInitializationStrategy.createAppPlugin (/Users/dongliu/dongLiu/ios_learning/english_phonetic/ohos/node_modules/@ohos/hvigor-ohos-plugin/src/plugin/strategy/stage-init-strategy.js:1:949)
    at AppPluginBuilder.createPlugin (/Users/dongliu/dongLiu/ios_learning/english_phonetic/ohos/node_modules/@ohos/hvigor-ohos-plugin/src/plugin/builder/app-plugin-builder.js:1:1485)
[2026-05-07T15:38:21.464] [DEBUG] debug-file - Clear worker 1.
[2026-05-07T15:38:21.446] [ERROR] debug-file - BUILD FAILED in 2 s 712 ms 
[2026-05-07T15:38:21.464] [DEBUG] debug-file - Worker 1 has been cleared.
[2026-05-07T15:38:21.456] [DEBUG] debug-file - Since there is no instance or instance is terminated, create a new worker pool.
[2026-05-07T15:38:21.464] [DEBUG] debug-file - Current idle worker size: 0.
[2026-05-07T15:38:21.456] [DEBUG] debug-file - Worker pool is initialized with config:  {
  minPoolNum: 2,
  maxPoolNum: undefined,
  maxCoreSize: undefined,
  cacheCapacity: undefined,
  cacheTtl: undefined
}
[2026-05-07T15:38:21.464] [DEBUG] debug-file - Current busy worker size: 0.
[2026-05-07T15:38:21.541] [DEBUG] debug-file - hvigor build process will be closed.
[2026-05-07T15:38:21.546] [DEBUG] debug-file - worker[0] exits with exit code 0.
[2026-05-07T15:38:21.547] [DEBUG] debug-file - worker[1] exits with exit code 0.
[2026-05-07T15:38:21.548] [DEBUG] debug-file - Current worker pool is terminated.
[2026-05-07T20:21:41.300] [DEBUG] debug-file - env: nodejsVersion=v18.20.1
[2026-05-07T20:21:41.337] [DEBUG] debug-file - env: daemon=true
[2026-05-07T20:21:41.301] [DEBUG] debug-file - env: hvigor-config.json5 content = {
  modelVersion: '5.0.0',
  dependencies: {},
  execution: {},
  logging: {},
  debugging: {},
  nodeOptions: {}
}
[2026-05-07T20:21:41.960] [DEBUG] debug-file - session manager: set active socket. socketId=YLdp1Tbe14_2zgxrAAAB
[2026-05-07T20:21:42.081] [DEBUG] debug-file - java daemon tryConnect success
[2026-05-07T20:21:42.605] [DEBUG] debug-file - watch worker: worker id should be larger than 0. Nothing will be sent to any worker thread.
[2026-05-07T20:21:42.608] [DEBUG] debug-file - Since there is no instance or instance is terminated, create a new worker pool.
[2026-05-07T20:21:42.609] [DEBUG] debug-file - Worker pool is initialized with config:  {
  minPoolNum: 2,
  maxPoolNum: undefined,
  maxCoreSize: undefined,
  cacheCapacity: undefined,
  cacheTtl: undefined
}
[2026-05-07T20:21:42.610] [DEBUG] debug-file - Create  resident worker with id: 0.
[2026-05-07T20:21:42.612] [DEBUG] debug-file - Create  resident worker with id: 1.
[2026-05-07T20:21:42.614] [DEBUG] debug-file - Workers' log level updated to INFO
[2026-05-07T20:21:42.621] [DEBUG] debug-file - Hvigor init with startParameters:{
  hvigorfileTypeCheck: false,
  parallelExecution: true,
  incrementalExecution: true,
  printStackTrace: false,
  daemon: true,
  analyze: 0,
  logLevel: Level { level: 20000, levelStr: 'INFO', colour: 'green' },
  optimizationStrategy: 'memory',
  hotCompile: undefined,
  hotReloadBuild: undefined,
  customizedParam: undefined
}
[2026-05-07T20:21:42.623] [DEBUG] debug-file - Cache service initialization finished in 3 ms 
[2026-05-07T20:21:42.626] [DEBUG] debug-file - hvigorfile, resolving /Users/dongliu/dongLiu/ios_learning/english_phonetic/ohos/hvigorfile.ts
[2026-05-07T20:21:44.394] [DEBUG] debug-file - hvigorfile, require result:  { default: { plugins: [] } }
[2026-05-07T20:21:44.394] [DEBUG] debug-file - hvigorfile, binding system plugins null
[2026-05-07T20:21:44.395] [DEBUG] debug-file - Starting plugin build process
[2026-05-07T20:21:44.395] [DEBUG] debug-file - App plugin prepare start...
[2026-05-07T20:21:44.395] [DEBUG] debug-file - App plugin prepare end...
[2026-05-07T20:21:44.395] [DEBUG] debug-file - App plugin creating...
[2026-05-07T20:21:44.595] [DEBUG] debug-file - App plugin register hook start...
[2026-05-07T20:21:44.596] [DEBUG] debug-file - App plugin register hook end...
[2026-05-07T20:21:44.596] [DEBUG] debug-file - Plugin build process completed
[2026-05-07T20:21:44.598] [DEBUG] debug-file - Start initialize project's product build option map with build mode debug.
[2026-05-07T20:21:44.598] [DEBUG] debug-file - Picking option from product 'default' with build mode 'debug'.
[2026-05-07T20:21:44.599] [DEBUG] debug-file - Product 'default' build option initialized
[2026-05-07T20:21:44.599] [DEBUG] debug-file - End initialize project's product build option map with build mode 'debug'.
[2026-05-07T20:21:44.601] [DEBUG] debug-file - Obtain build option for product 'default'in this build.
[2026-05-07T20:21:44.603] [DEBUG] debug-file - not found resModel json file in : /Users/dongliu/dongLiu/ios_learning/english_phonetic/ohos/entry/src/ohosTest/module.json5
[2026-05-07T20:21:44.615] [DEBUG] debug-file - No signingConfig found, initRemoteHspCache failed.
[2026-05-07T20:21:44.618] [DEBUG] debug-file - Local scan or download HarmonyOS sdk components toolchains,ets,js,native,previewer
[2026-05-07T20:21:44.623] [DEBUG] debug-file - Local scan or download hmscore sdk components toolchains,ets,native
[2026-05-07T20:21:44.625] [DEBUG] debug-file - Start recording SDK configuration permission data.
[2026-05-07T20:21:44.670] [DEBUG] debug-file - Sdk init in 54 ms 
[2026-05-07T20:21:44.676] [DEBUG] debug-file - Project task initialization takes 5 ms 
[2026-05-07T20:21:44.676] [DEBUG] debug-file - hvigorfile, binding custom plugins []
[2026-05-07T20:21:44.676] [DEBUG] debug-file - hvigorfile, no custom plugins were found in /Users/dongliu/dongLiu/ios_learning/english_phonetic/ohos/hvigorfile.ts
[2026-05-07T20:21:44.676] [DEBUG] debug-file - hvigorfile, resolve finished /Users/dongliu/dongLiu/ios_learning/english_phonetic/ohos/hvigorfile.ts
[2026-05-07T20:21:44.677] [DEBUG] debug-file - hvigorfile, resolving /Users/dongliu/dongLiu/ios_learning/english_phonetic/ohos/entry/hvigorfile.ts
[2026-05-07T20:21:44.682] [DEBUG] debug-file - hvigorfile, require result:  { default: { plugins: [] } }
[2026-05-07T20:21:44.682] [DEBUG] debug-file - hvigorfile, binding system plugins null
[2026-05-07T20:21:44.683] [DEBUG] debug-file - Starting plugin build process
[2026-05-07T20:21:44.683] [DEBUG] debug-file - Hap plugin creating...
[2026-05-07T20:21:44.683] [DEBUG] debug-file - failed to load cangjie to dynamically generate schemas: Error: Cannot find module '@ohos/cangjie-build-support/index'
Require stack:
- /Applications/DevEco-Studio.app/Contents/tools/hvigor/hvigor-ohos-plugin/src/plugin/hooks/cangjie-register.js
- /Applications/DevEco-Studio.app/Contents/tools/hvigor/hvigor-ohos-plugin/src/plugin/strategy/stage-init-strategy.js
- /Applications/DevEco-Studio.app/Contents/tools/hvigor/hvigor-ohos-plugin/src/plugin/builder/abstract-plugin-builder.js
- /Applications/DevEco-Studio.app/Contents/tools/hvigor/hvigor-ohos-plugin/src/plugin/builder/app-plugin-builder.js
- /Applications/DevEco-Studio.app/Contents/tools/hvigor/hvigor-ohos-plugin/src/plugin/factory/plugin-factory.js
- /Applications/DevEco-Studio.app/Contents/tools/hvigor/hvigor-ohos-plugin/index.js
- /Users/dongliu/dongLiu/ios_learning/english_phonetic/ohos/hvigorfile.ts
- /Applications/DevEco-Studio.app/Contents/tools/hvigor/hvigor/src/base/internal/lifecycle/configuration.js
- /Applications/DevEco-Studio.app/Contents/tools/hvigor/hvigor/src/base/boot/index.js
- /Applications/DevEco-Studio.app/Contents/tools/hvigor/hvigor/src/base/daemon/cluster/worker-process-lifecycle.js
- /Applications/DevEco-Studio.app/Contents/tools/hvigor/hvigor/src/base/daemon/process/daemon-process-boot-script.js
[2026-05-07T20:21:44.698] [DEBUG] debug-file - Start initialize module-target build option map, moduleName=entry, buildMode=debug
[2026-05-07T20:21:44.698] [DEBUG] debug-file - Target 'default' config initialized
[2026-05-07T20:21:44.699] [DEBUG] debug-file - Target 'ohosTest' config initialized
[2026-05-07T20:21:44.699] [DEBUG] debug-file - Module 'entry' target 'default' build option initialized
[2026-05-07T20:21:44.699] [DEBUG] debug-file - Module 'entry' target 'ohosTest' build option initialized
[2026-05-07T20:21:44.699] [DEBUG] debug-file - End initialize module-target build option map, moduleName=entry
[2026-05-07T20:21:44.699] [DEBUG] debug-file - Start initialize module-target build option map, moduleName=entry, buildMode=release
[2026-05-07T20:21:44.699] [DEBUG] debug-file - Target 'default' config initialized
[2026-05-07T20:21:44.700] [DEBUG] debug-file - Target 'ohosTest' config initialized
[2026-05-07T20:21:44.700] [DEBUG] debug-file - Module 'entry' target 'default' build option initialized
[2026-05-07T20:21:44.700] [DEBUG] debug-file - Module 'entry' target 'ohosTest' build option initialized
[2026-05-07T20:21:44.700] [DEBUG] debug-file - End initialize module-target build option map, moduleName=entry
[2026-05-07T20:21:44.700] [DEBUG] debug-file - Start initialize module-target build option map, moduleName=entry, buildMode=debug
[2026-05-07T20:21:44.701] [DEBUG] debug-file - Target 'default' config initialized
[2026-05-07T20:21:44.701] [DEBUG] debug-file - Target 'ohosTest' config initialized
[2026-05-07T20:21:44.701] [DEBUG] debug-file - Module 'entry' target 'default' build option initialized
[2026-05-07T20:21:44.701] [DEBUG] debug-file - Module 'entry' target 'ohosTest' build option initialized
[2026-05-07T20:21:44.701] [DEBUG] debug-file - End initialize module-target build option map, moduleName=entry
[2026-05-07T20:21:44.701] [DEBUG] debug-file - Obtain build option for module 'entry' target 'default'in this build.
[2026-05-07T20:21:44.708] [DEBUG] debug-file - Module entry task initialization takes 6 ms 
[2026-05-07T20:21:44.708] [DEBUG] debug-file - Hap plugin register hook start...
[2026-05-07T20:21:44.708] [DEBUG] debug-file - Hap plugin register hook end...
[2026-05-07T20:21:44.708] [DEBUG] debug-file - Plugin build process completed
[2026-05-07T20:21:44.708] [DEBUG] debug-file - hvigorfile, binding custom plugins []
[2026-05-07T20:21:44.708] [DEBUG] debug-file - hvigorfile, no custom plugins were found in /Users/dongliu/dongLiu/ios_learning/english_phonetic/ohos/entry/hvigorfile.ts
[2026-05-07T20:21:44.708] [DEBUG] debug-file - hvigorfile, resolve finished /Users/dongliu/dongLiu/ios_learning/english_phonetic/ohos/entry/hvigorfile.ts
[2026-05-07T20:21:44.793] [DEBUG] debug-file - hvigorfile, resolve hvigorfile dependencies in 84 ms 
[2026-05-07T20:21:44.793] [DEBUG] debug-file - project has submodules:entry
[2026-05-07T20:21:44.795] [DEBUG] debug-file - start to load updatedOhPackageInfo to the disk
[2026-05-07T20:21:44.799] [DEBUG] debug-file - load to the disk finished
[2026-05-07T20:21:44.800] [DEBUG] debug-file - Start to initialize dependency information.
[2026-05-07T20:21:44.801] [DEBUG] debug-file - Module ohos Collected Dependency: 
[2026-05-07T20:21:44.802] [DEBUG] debug-file - Module ohos's total dependency: 0
[2026-05-07T20:21:44.803] [DEBUG] debug-file - Start to initialize dependency information.
[2026-05-07T20:21:44.805] [DEBUG] debug-file - Module entry Collected Dependency: 
[2026-05-07T20:21:44.805] [DEBUG] debug-file - Module entry's total dependency: 0
[2026-05-07T20:21:44.809] [DEBUG] debug-file - Configuration phase cost:2 s 185 ms 
[2026-05-07T20:21:44.811] [DEBUG] debug-file - Configuration task cost before running: 2 s 197 ms 
[2026-05-07T20:21:44.812] [DEBUG] debug-file - Executing task :entry:init
[2026-05-07T20:21:44.812] [DEBUG] debug-file - entry : init cost memory 0.01653289794921875
[2026-05-07T20:21:44.812] [DEBUG] debug-file - runTaskFromQueue task cost before running: 2 s 198 ms 
[2026-05-07T20:21:44.813] [INFO] debug-file - Finished :entry:init... after 1 ms 
[2026-05-07T20:21:44.813] [DEBUG] debug-file - Executing task ::init
[2026-05-07T20:21:44.813] [DEBUG] debug-file - ohos : init cost memory 0.01378631591796875
[2026-05-07T20:21:44.813] [DEBUG] debug-file - runTaskFromQueue task cost before running: 2 s 199 ms 
[2026-05-07T20:21:44.813] [INFO] debug-file - Finished ::init... after 1 ms 
[2026-05-07T20:21:44.815] [DEBUG] debug-file - Obtain build option for module 'entry' target 'default'in this build.
[2026-05-07T20:21:44.816] [DEBUG] debug-file - Obtain build option for module 'entry' target 'ohosTest'in this build.
[2026-05-07T20:21:44.818] [DEBUG] debug-file - Cleanup worker 0.
[2026-05-07T20:21:44.819] [DEBUG] debug-file - Worker 0 has been cleaned up.
[2026-05-07T20:21:44.819] [DEBUG] debug-file - Current idle worker size: 1.
[2026-05-07T20:21:44.819] [DEBUG] debug-file - Current resident worker size: 2.
[2026-05-07T20:21:44.819] [DEBUG] debug-file - Cleanup worker 1.
[2026-05-07T20:21:44.819] [DEBUG] debug-file - Worker 1 has been cleaned up.
[2026-05-07T20:21:44.819] [DEBUG] debug-file - Current idle worker size: 0.
[2026-05-07T20:21:44.819] [DEBUG] debug-file - Current resident worker size: 2.
[2026-05-07T20:21:44.819] [DEBUG] debug-file - hvigor build process will be closed.
[2026-05-07T20:21:45.010] [DEBUG] debug-file - worker[0] exits with exit code 1.
[2026-05-07T20:21:45.010] [DEBUG] debug-file - worker[1] exits with exit code 1.
[2026-05-07T20:21:45.042] [DEBUG] debug-file - session manager: send message to worker process.
[2026-05-07T20:21:45.043] [DEBUG] debug-file - session manager: send message to worker process.
[2026-05-07T20:21:45.043] [DEBUG] debug-file - watch worker: worker id should be larger than 0. Nothing will be sent to any worker thread.
[2026-05-07T20:21:45.043] [DEBUG] debug-file - watch worker: worker id should be larger than 0. Nothing will be sent to any worker thread.
